<?xml version="1.0" encoding="UTF-8"?>
<testsuite name="simulation.ToySimulatorTest" tests="1" skipped="0" failures="0" errors="0" timestamp="2025-02-07T17:52:49" hostname="MIKAELSCRUCIBLE" time="0.016">
  <properties/>
  <testcase name="test toy simulator" classname="simulation.ToySimulatorTest" time="0.016"/>
  <system-out><![CDATA[]]></system-out>
  <system-err><![CDATA[]]></system-err>
</testsuite>
