<?xml version="1.0" encoding="UTF-8"?>
<testsuite name="simulation.SSQTest" tests="1" skipped="0" failures="0" errors="0" timestamp="2025-02-07T08:43:16" hostname="MIKAELSCRUCIBLE" time="0.424">
  <properties/>
  <testcase name="matches mm1 queueing theory" classname="simulation.SSQTest" time="0.424"/>
  <system-out><![CDATA[]]></system-out>
  <system-err><![CDATA[]]></system-err>
</testsuite>
