<?xml version="1.0" encoding="UTF-8"?>
<testsuite name="simulation.RandomTickSimulatorTest" tests="2" skipped="0" failures="0" errors="0" timestamp="2025-02-07T18:00:46" hostname="MIKAELSCRUCIBLE" time="0.037">
  <properties/>
  <testcase name="test random tick simulator" classname="simulation.RandomTickSimulatorTest" time="0.032"/>
  <testcase name="test random tick simulator with random source" classname="simulation.RandomTickSimulatorTest" time="0.004"/>
  <system-out><![CDATA[]]></system-out>
  <system-err><![CDATA[]]></system-err>
</testsuite>
